#-----------------------------------------------------------
# Vivado v2017.4 (64-bit)
# SW Build 2086221 on Fri Dec 15 20:55:39 MST 2017
# IP Build 2085800 on Fri Dec 15 22:25:07 MST 2017
# Start of session at: Sun Dec 17 15:55:32 2023
# Process ID: 17916
# Current directory: E:/OneDrive/Code/FPGA/dlproj2
# Command line: vivado.exe -gui_launcher_event rodinguilauncherevent4132 E:\OneDrive\Code\FPGA\dlproj2\dlproj2.xpr
# Log file: E:/OneDrive/Code/FPGA/dlproj2/vivado.log
# Journal file: E:/OneDrive/Code/FPGA/dlproj2\vivado.jou
#-----------------------------------------------------------
start_gui
open_project E:/OneDrive/Code/FPGA/dlproj2/dlproj2.xpr
Scanning sources...
Finished scanning sources
INFO: [IP_Flow 19-234] Refreshing IP repositories
INFO: [IP_Flow 19-1704] No user IP repositories specified
INFO: [IP_Flow 19-2313] Loaded Vivado IP repository 'C:/Xilinx/Vivado/2017.4/data/ip'.
update_compile_order -fileset sources_1
update_compile_order -fileset sources_1
add_files {E:/OneDrive/Code/FPGA/dlproj2/DigitalDesignProject.srcs/sources_1/new/Controller.v E:/OneDrive/Code/FPGA/dlproj2/DigitalDesignProject.srcs/sources_1/new/Buzz1.v E:/OneDrive/Code/FPGA/dlproj2/DigitalDesignProject.srcs/sources_1/new/Buzz0.v E:/OneDrive/Code/FPGA/dlproj2/DigitalDesignProject.srcs/sources_1/new/buzz.v E:/OneDrive/Code/FPGA/dlproj2/DigitalDesignProject.srcs/sources_1/new/Buzzer1.v}
WARNING: [filemgmt 56-12] File 'E:/OneDrive/Code/FPGA/dlproj2/DigitalDesignProject.srcs/sources_1/new/Controller.v' cannot be added to the project because it already exists in the project, skipping this file
WARNING: [filemgmt 56-12] File 'E:/OneDrive/Code/FPGA/dlproj2/DigitalDesignProject.srcs/sources_1/new/Buzz1.v' cannot be added to the project because it already exists in the project, skipping this file
WARNING: [filemgmt 56-12] File 'E:/OneDrive/Code/FPGA/dlproj2/DigitalDesignProject.srcs/sources_1/new/Buzz0.v' cannot be added to the project because it already exists in the project, skipping this file
WARNING: [filemgmt 56-12] File 'E:/OneDrive/Code/FPGA/dlproj2/DigitalDesignProject.srcs/sources_1/new/buzz.v' cannot be added to the project because it already exists in the project, skipping this file
WARNING: [filemgmt 56-12] File 'E:/OneDrive/Code/FPGA/dlproj2/DigitalDesignProject.srcs/sources_1/new/Buzzer1.v' cannot be added to the project because it already exists in the project, skipping this file
update_compile_order -fileset sources_1
exit
INFO: [Common 17-206] Exiting Vivado at Sun Dec 17 15:59:25 2023...
