Copyright 1986-2017 Xilinx, Inc. All Rights Reserved.
---------------------------------------------------------------------------------------
| Tool Version : Vivado v.2017.4 (win64) Build 2086221 Fri Dec 15 20:55:39 MST 2017
| Date         : Wed Dec 20 23:10:19 2023
| Host         : JianuoLegion running 64-bit major release  (build 9200)
| Command      : report_control_sets -verbose -file Controller_control_sets_placed.rpt
| Design       : Controller
| Device       : xc7a35t
---------------------------------------------------------------------------------------

Control Set Information

Table of Contents
-----------------
1. Summary
2. Flip-Flop Distribution
3. Detailed Control Set Information

1. Summary
----------

+----------------------------------------------------------+-------+
|                          Status                          | Count |
+----------------------------------------------------------+-------+
| Number of unique control sets                            |    20 |
| Unused register locations in slices containing registers |    49 |
+----------------------------------------------------------+-------+


2. Flip-Flop Distribution
-------------------------

+--------------+-----------------------+------------------------+-----------------+--------------+
| Clock Enable | Synchronous Set/Reset | Asynchronous Set/Reset | Total Registers | Total Slices |
+--------------+-----------------------+------------------------+-----------------+--------------+
| No           | No                    | No                     |             109 |           46 |
| No           | No                    | Yes                    |               8 |            3 |
| No           | Yes                   | No                     |              32 |            8 |
| Yes          | No                    | No                     |              25 |            8 |
| Yes          | No                    | Yes                    |              49 |           14 |
| Yes          | Yes                   | No                     |              32 |           11 |
+--------------+-----------------------+------------------------+-----------------+--------------+


3. Detailed Control Set Information
-----------------------------------

+--------------------------------------+------------------------------------------------------+-------------------------------------------------+------------------+----------------+
|             Clock Signal             |                     Enable Signal                    |                 Set/Reset Signal                | Slice Load Count | Bel Load Count |
+--------------------------------------+------------------------------------------------------+-------------------------------------------------+------------------+----------------+
|  clk_IBUF_BUFG                       | debounce_song_switch/button_out_i_1_n_0              |                                                 |                1 |              1 |
|  clk_IBUF_BUFG                       | pat/debounce_mode_switch/button_out_i_1__0_n_0       |                                                 |                1 |              1 |
|  pat/mode_light_reg[0]_i_2_n_0       |                                                      |                                                 |                1 |              3 |
|  learn_mode/slib/note_reg[2]_i_2_n_0 |                                                      |                                                 |                1 |              3 |
|  clk_IBUF_BUFG                       | buzzer/debounce_high_tone/counter[5]_i_2__2_n_0      | buzzer/debounce_high_tone/counter[5]_i_1__2_n_0 |                2 |              5 |
|  clk_IBUF_BUFG                       | buzzer/debounce_low_tone/counter[5]_i_2__1_n_0       | buzzer/debounce_low_tone/counter[5]_i_1__1_n_0  |                2 |              5 |
|  clk_IBUF_BUFG                       | debounce_song_switch/counter[5]_i_2_n_0              | debounce_song_switch/counter[5]_i_1_n_0         |                2 |              5 |
|  clk_IBUF_BUFG                       | auto_mode/debounce_switch_song/counter[5]_i_2__3_n_0 | debounce_song_switch/counter_reg[1]_0           |                2 |              5 |
|  clk_IBUF_BUFG                       | pat/debounce_mode_switch/counter[5]_i_2__0_n_0       | pat/debounce_mode_switch/counter[5]_i_1__0_n_0  |                2 |              5 |
|  clk_IBUF_BUFG                       | learn_mode/segments[7]_i_1_n_0                       | learn_mode/segments_reg[2]_0                    |                1 |              6 |
|  clk_IBUF_BUFG                       | pat/E[0]                                             | pat/SR[0]                                       |                1 |              7 |
|  clk_IBUF_BUFG                       | learn_mode/light[6]_i_1__0_n_0                       |                                                 |                1 |              7 |
|  clk_IBUF_BUFG                       |                                                      | learn_mode/segments_reg[2]_0                    |                3 |              8 |
|  clk_IBUF_BUFG                       | pat/light_reg[0][0]                                  |                                                 |                2 |              8 |
|  clk_IBUF_BUFG                       | light_free[7]_i_1_n_0                                |                                                 |                3 |              8 |
|  clk_IBUF_BUFG                       | learn_mode/slib/E[0]                                 | learn_mode/segments_reg[2]_0                    |                2 |              8 |
|  clk_IBUF_BUFG                       | learn_mode/index                                     | learn_mode/segments_reg[2]_0                    |                5 |              8 |
|  clk_IBUF_BUFG                       | learn_mode/slib/time_counter_reg[0][0]               | learn_mode/segments_reg[2]_0                    |                6 |             27 |
|  clk_IBUF_BUFG                       |                                                      | buzzer/counter[0]_i_1_n_0                       |                8 |             32 |
|  clk_IBUF_BUFG                       |                                                      |                                                 |               44 |            103 |
+--------------------------------------+------------------------------------------------------+-------------------------------------------------+------------------+----------------+


+--------+-----------------------+
| Fanout | Number of ControlSets |
+--------+-----------------------+
| 1      |                     2 |
| 3      |                     2 |
| 5      |                     5 |
| 6      |                     1 |
| 7      |                     2 |
| 8      |                     5 |
| 16+    |                     3 |
+--------+-----------------------+


